<?xml version="1.0" encoding="UTF-8"?>
<!-- Generated by org.testng.reporters.JUnitReportReporter -->
<testsuite hostname="LAPTOP-RLRLRAOE" failures="0" tests="2" name="TestCases.VerifyLoginPage" time="13.230" errors="0" timestamp="2022-02-12T07:42:25 IST" skipped="0">
  <testcase classname="TestCases.VerifyLoginPage" name="LaunchBrowser" time="7.575"/>
  <system-out/>
  <testcase classname="TestCases.VerifyLoginPage" name="LaunchBrowser" time="5.655"/>
  <system-out/>
</testsuite> <!-- TestCases.VerifyLoginPage -->
